<?xml version="1.0" encoding="UTF-8"?>
<testsuite xmlns:xsi="http://www.w3.org/2001/XMLSchema-instance" xsi:noNamespaceSchemaLocation="https://maven.apache.org/surefire/maven-surefire-plugin/xsd/surefire-test-report-3.0.xsd" version="3.0" name="guru.sfg.beer.order.service.BeerOrderServiceApplicationTests" time="18.231" tests="1" errors="0" skipped="0" failures="0">
  <properties>
[...]
</properties>
  <testcase name="contextLoads" classname="guru.sfg.beer.order.service.BeerOrderServiceApplicationTests" time="1.178">
    <system-out><![CDATA[17:42:23.162 [main] INFO org.springframework.test.context.support.AnnotationConfigContextLoaderUtils -- Could not detect default configuration classes for test class [guru.sfg.beer.order.service.BeerOrderServiceApplicationTests]: BeerOrderServiceApplicationTests does not declare any static, non-private, non-final, nested classes annotated with @Configuration.
17:42:23.400 [main] INFO org.springframework.boot.test.context.SpringBootTestContextBootstrapper -- Found @SpringBootConfiguration guru.sfg.beer.order.service.BeerOrderServiceApplication for test class guru.sfg.beer.order.service.BeerOrderServiceApplicationTests
17:42:23.716 [main] INFO org.springframework.boot.devtools.restart.RestartApplicationListener -- Restart disabled due to context in which it is running

  .   ____          _            __ _ _
 /\\ / ___'_ __ _ _(_)_ __  __ _ \ \ \ \
( ( )\___ | '_ | '_| | '_ \/ _` | \ \ \ \
 \\/  ___)| |_)| | | | | || (_| |  ) ) ) )
  '  |____| .__|_| |_|_| |_\__, | / / / /
 =========|_|==============|___/=/_/_/_/

 :: Spring Boot ::                (v3.3.5)

2024-11-08T17:42:24.301-05:00  INFO 18044 --- [mssc-beer-order-service] [           main] s.b.o.s.BeerOrderServiceApplicationTests : Starting BeerOrderServiceApplicationTests using Java 21.0.5 with PID 18044 (started by Jac01 in c:\Users\Jac01\OneDrive\Documents\GitHub\mssc-beer-order-service)
2024-11-08T17:42:24.302-05:00 DEBUG 18044 --- [mssc-beer-order-service] [           main] s.b.o.s.BeerOrderServiceApplicationTests : Running with Spring Boot v3.3.5, Spring v6.1.14
2024-11-08T17:42:24.305-05:00  INFO 18044 --- [mssc-beer-order-service] [           main] s.b.o.s.BeerOrderServiceApplicationTests : The following 1 profile is active: "localmysql"
2024-11-08T17:42:26.679-05:00  INFO 18044 --- [mssc-beer-order-service] [           main] .s.d.r.c.RepositoryConfigurationDelegate : Bootstrapping Spring Data JPA repositories in DEFAULT mode.
2024-11-08T17:42:26.949-05:00  INFO 18044 --- [mssc-beer-order-service] [           main] .s.d.r.c.RepositoryConfigurationDelegate : Finished Spring Data repository scanning in 259 ms. Found 3 JPA repository interfaces.
2024-11-08T17:42:28.069-05:00  WARN 18044 --- [mssc-beer-order-service] [           main] trationDelegate$BeanPostProcessorChecker : Bean 'org.springframework.statemachine.config.configuration.StateMachineAnnotationPostProcessorConfiguration' of type [org.springframework.statemachine.config.configuration.StateMachineAnnotationPostProcessorConfiguration$$SpringCGLIB$$0] is not eligible for getting processed by all BeanPostProcessors (for example: not eligible for auto-proxying). The currently created BeanPostProcessor [org.springframework.statemachine.processor.stateMachineAnnotationPostProcessor] is declared through a non-static factory method on that class; consider declaring it as static instead.
2024-11-08T17:42:28.604-05:00  INFO 18044 --- [mssc-beer-order-service] [           main] o.hibernate.jpa.internal.util.LogHelper  : HHH000204: Processing PersistenceUnitInfo [name: default]
2024-11-08T17:42:28.697-05:00  INFO 18044 --- [mssc-beer-order-service] [           main] org.hibernate.Version                    : HHH000412: Hibernate ORM core version 6.5.3.Final
2024-11-08T17:42:28.835-05:00  INFO 18044 --- [mssc-beer-order-service] [           main] o.h.c.internal.RegionFactoryInitiator    : HHH000026: Second-level cache disabled
2024-11-08T17:42:30.153-05:00  INFO 18044 --- [mssc-beer-order-service] [           main] o.s.o.j.p.SpringPersistenceUnitInfo      : No LoadTimeWeaver setup: ignoring JPA class transformer
2024-11-08T17:42:30.252-05:00  INFO 18044 --- [mssc-beer-order-service] [           main] com.zaxxer.hikari.HikariDataSource       : HikariPool-1 - Starting...
2024-11-08T17:42:31.063-05:00  INFO 18044 --- [mssc-beer-order-service] [           main] com.zaxxer.hikari.pool.HikariPool        : HikariPool-1 - Added connection com.mysql.cj.jdbc.ConnectionImpl@3ee68377
2024-11-08T17:42:31.066-05:00  INFO 18044 --- [mssc-beer-order-service] [           main] com.zaxxer.hikari.HikariDataSource       : HikariPool-1 - Start completed.
2024-11-08T17:42:31.211-05:00  WARN 18044 --- [mssc-beer-order-service] [           main] org.hibernate.orm.deprecation            : HHH90000025: MySQLDialect does not need to be specified explicitly using 'hibernate.dialect' (remove the property setting and it will be selected by default)
2024-11-08T17:42:31.273-05:00  WARN 18044 --- [mssc-beer-order-service] [           main] org.hibernate.orm.incubating             : HHH90006001: Encountered incubating setting [hibernate.type.preferred_uuid_jdbc_type].  See javadoc on corresponding `org.hibernate.cfg.AvailableSettings` constant for details.
2024-11-08T17:42:31.654-05:00  WARN 18044 --- [mssc-beer-order-service] [           main] org.hibernate.orm.incubating             : HHH90006001: Encountered incubating setting [hibernate.type.preferred_uuid_jdbc_type].  See javadoc on corresponding `org.hibernate.cfg.AvailableSettings` constant for details.
2024-11-08T17:42:32.786-05:00  INFO 18044 --- [mssc-beer-order-service] [           main] o.h.e.t.j.p.i.JtaPlatformInitiator       : HHH000489: No JTA platform available (set 'hibernate.transaction.jta.platform' to enable JTA platform integration)
2024-11-08T17:42:32.952-05:00  INFO 18044 --- [mssc-beer-order-service] [           main] j.LocalContainerEntityManagerFactoryBean : Initialized JPA EntityManagerFactory for persistence unit 'default'
2024-11-08T17:42:35.563-05:00  WARN 18044 --- [mssc-beer-order-service] [           main] JpaBaseConfiguration$JpaWebConfiguration : spring.jpa.open-in-view is enabled by default. Therefore, database queries may be performed during view rendering. Explicitly configure spring.jpa.open-in-view to disable this warning
2024-11-08T17:42:37.530-05:00  INFO 18044 --- [mssc-beer-order-service] [           main] o.s.b.a.e.web.EndpointLinksResolver      : Exposing 1 endpoint beneath base path '/actuator'
2024-11-08T17:42:38.570-05:00  INFO 18044 --- [mssc-beer-order-service] [           main] s.b.o.s.BeerOrderServiceApplicationTests : Started BeerOrderServiceApplicationTests in 14.881 seconds (process running for 17.048)
Hibernate: select c1_0.id,c1_0.api_key,c1_0.created_date,c1_0.customer_name,c1_0.last_modified_date,c1_0.version from customer c1_0 where c1_0.customer_name like ? escape '\\'
Hibernate: insert into beer_order (created_date,customer_id,customer_ref,last_modified_date,order_status,order_status_callback_url,version,id) values (?,?,?,?,?,?,?,?)
Hibernate: insert into beer_order_line (beer_id,beer_order_id,created_date,last_modified_date,order_quantity,quantity_allocated,upc,version,id) values (?,?,?,?,?,?,?,?,?)
2024-11-08T17:42:39.320-05:00 DEBUG 18044 --- [mssc-beer-order-service] [   scheduling-1] g.s.b.o.s.services.BeerOrderServiceImpl  : Saved Beer Order: b8354570-f74e-4989-aab3-c45ca1e2818f
Hibernate: select count(*) from customer c1_0
]]></system-out>
    <system-err><![CDATA[WARNING: A Java agent has been loaded dynamically (C:\Users\Jac01\.m2\repository\net\bytebuddy\byte-buddy-agent\1.14.19\byte-buddy-agent-1.14.19.jar)
WARNING: If a serviceability tool is in use, please run with -XX:+EnableDynamicAgentLoading to hide this warning
WARNING: If a serviceability tool is not in use, please run with -Djdk.instrument.traceUsage for more information
WARNING: Dynamic loading of agents will be disallowed by default in a future release
]]></system-err>
  </testcase>
</testsuite>